Flow report for SerialTransmitter
Fri Dec 27 18:00:08 2024
Quartus II 32-bit Version 12.1 Build 243 01/31/2013 Service Pack 1 SJ Web Edition


---------------------
; Table of Contents ;
---------------------
  1. Legal Notice
  2. Flow Summary
  3. Flow Settings
  4. Flow Non-Default Global Settings
  5. Flow Elapsed Time
  6. Flow OS Summary
  7. Flow Log



----------------
; Legal Notice ;
----------------
Copyright (C) 1991-2012 Altera Corporation
Your use of Altera Corporation's design tools, logic functions 
and other software and tools, and its AMPP partner logic 
functions, and any output files from any of the foregoing 
(including device programming or simulation files), and any 
associated documentation or information are expressly subject 
to the terms and conditions of the Altera Program License 
Subscription Agreement, Altera MegaCore Function License 
Agreement, or other applicable license agreement, including, 
without limitation, that your use is for the sole purpose of 
programming logic devices manufactured by Altera and sold by 
Altera or its authorized distributors.  Please refer to the 
applicable agreement for further details.



+---------------------------------------------------------------------------+
; Flow Summary                                                              ;
+---------------------------+-----------------------------------------------+
; Flow Status               ; Successful - Fri Dec 27 18:00:08 2024         ;
; Quartus II 32-bit Version ; 12.1 Build 243 01/31/2013 SP 1 SJ Web Edition ;
; Revision Name             ; SerialTransmitter                             ;
; Top-level Entity Name     ; SerialTransmitter                             ;
; Family                    ; MAX7000S                                      ;
; Device                    ; EPM7064SLC44-10                               ;
; Timing Models             ; Final                                         ;
; Total macrocells          ; 22 / 64 ( 34 % )                              ;
; Total pins                ; 23 / 36 ( 64 % )                              ;
+---------------------------+-----------------------------------------------+


+-----------------------------------------+
; Flow Settings                           ;
+-------------------+---------------------+
; Option            ; Setting             ;
+-------------------+---------------------+
; Start date & time ; 12/27/2024 18:00:04 ;
; Main task         ; Compilation         ;
; Revision Name     ; SerialTransmitter   ;
+-------------------+---------------------+


+---------------------------------------------------------------------------------------------------------+
; Flow Non-Default Global Settings                                                                        ;
+--------------------------+-------------------------------+---------------+-------------+----------------+
; Assignment Name          ; Value                         ; Default Value ; Entity Name ; Section Id     ;
+--------------------------+-------------------------------+---------------+-------------+----------------+
; COMPILER_SIGNATURE_ID    ; 5218841401325.173531520428108 ; --            ; --          ; --             ;
; EDA_OUTPUT_DATA_FORMAT   ; Vhdl                          ; --            ; --          ; eda_simulation ;
; EDA_SIMULATION_TOOL      ; ModelSim (VHDL)               ; <None>        ; --          ; --             ;
; EDA_TIME_SCALE           ; 1 ps                          ; --            ; --          ; eda_simulation ;
; PROJECT_OUTPUT_DIRECTORY ; output_files                  ; --            ; --          ; --             ;
+--------------------------+-------------------------------+---------------+-------------+----------------+


+-------------------------------------------------------------------------------------------------------------------------------+
; Flow Elapsed Time                                                                                                             ;
+---------------------------+--------------+-------------------------+---------------------+------------------------------------+
; Module Name               ; Elapsed Time ; Average Processors Used ; Peak Virtual Memory ; Total CPU Time (on all processors) ;
+---------------------------+--------------+-------------------------+---------------------+------------------------------------+
; Analysis & Synthesis      ; 00:00:01     ; 1.0                     ; 386 MB              ; 00:00:01                           ;
; Fitter                    ; 00:00:00     ; 1.0                     ; 324 MB              ; 00:00:00                           ;
; Assembler                 ; 00:00:00     ; 1.0                     ; 311 MB              ; 00:00:00                           ;
; TimeQuest Timing Analyzer ; 00:00:00     ; 1.0                     ; 289 MB              ; 00:00:00                           ;
; EDA Netlist Writer        ; 00:00:00     ; 1.0                     ; 290 MB              ; 00:00:00                           ;
; Total                     ; 00:00:01     ; --                      ; --                  ; 00:00:01                           ;
+---------------------------+--------------+-------------------------+---------------------+------------------------------------+


+----------------------------------------------------------------------------------------+
; Flow OS Summary                                                                        ;
+---------------------------+------------------+-----------+------------+----------------+
; Module Name               ; Machine Hostname ; OS Name   ; OS Version ; Processor type ;
+---------------------------+------------------+-----------+------------+----------------+
; Analysis & Synthesis      ; Hamody           ; Windows 7 ; 6.2        ; x86_64         ;
; Fitter                    ; Hamody           ; Windows 7 ; 6.2        ; x86_64         ;
; Assembler                 ; Hamody           ; Windows 7 ; 6.2        ; x86_64         ;
; TimeQuest Timing Analyzer ; Hamody           ; Windows 7 ; 6.2        ; x86_64         ;
; EDA Netlist Writer        ; Hamody           ; Windows 7 ; 6.2        ; x86_64         ;
+---------------------------+------------------+-----------+------------+----------------+


------------
; Flow Log ;
------------
quartus_map --read_settings_files=on --write_settings_files=off SerialTransmitter -c SerialTransmitter
quartus_fit --read_settings_files=off --write_settings_files=off SerialTransmitter -c SerialTransmitter
quartus_asm --read_settings_files=off --write_settings_files=off SerialTransmitter -c SerialTransmitter
quartus_sta SerialTransmitter -c SerialTransmitter
quartus_eda --read_settings_files=off --write_settings_files=off SerialTransmitter -c SerialTransmitter



