Analysis & Synthesis report for SerialTransmitter
Fri Dec 27 18:00:04 2024
Quartus II 32-bit Version 12.1 Build 243 01/31/2013 Service Pack 1 SJ Web Edition


---------------------
; Table of Contents ;
---------------------
  1. Legal Notice
  2. Analysis & Synthesis Summary
  3. Analysis & Synthesis Settings
  4. Parallel Compilation
  5. Analysis & Synthesis Source Files Read
  6. Analysis & Synthesis Resource Usage Summary
  7. Analysis & Synthesis Resource Utilization by Entity
  8. Registers Removed During Synthesis
  9. Analysis & Synthesis Messages



----------------
; Legal Notice ;
----------------
Copyright (C) 1991-2012 Altera Corporation
Your use of Altera Corporation's design tools, logic functions 
and other software and tools, and its AMPP partner logic 
functions, and any output files from any of the foregoing 
(including device programming or simulation files), and any 
associated documentation or information are expressly subject 
to the terms and conditions of the Altera Program License 
Subscription Agreement, Altera MegaCore Function License 
Agreement, or other applicable license agreement, including, 
without limitation, that your use is for the sole purpose of 
programming logic devices manufactured by Altera and sold by 
Altera or its authorized distributors.  Please refer to the 
applicable agreement for further details.



+-----------------------------------------------------------------------------+
; Analysis & Synthesis Summary                                                ;
+-----------------------------+-----------------------------------------------+
; Analysis & Synthesis Status ; Successful - Fri Dec 27 18:00:04 2024         ;
; Quartus II 32-bit Version   ; 12.1 Build 243 01/31/2013 SP 1 SJ Web Edition ;
; Revision Name               ; SerialTransmitter                             ;
; Top-level Entity Name       ; SerialTransmitter                             ;
; Family                      ; MAX7000S                                      ;
; Total macrocells            ; 22                                            ;
; Total pins                  ; 19                                            ;
+-----------------------------+-----------------------------------------------+


+--------------------------------------------------------------------------------------------------------------------+
; Analysis & Synthesis Settings                                                                                      ;
+----------------------------------------------------------------------------+-------------------+-------------------+
; Option                                                                     ; Setting           ; Default Value     ;
+----------------------------------------------------------------------------+-------------------+-------------------+
; Device                                                                     ; EPM7064SLC44-10   ;                   ;
; Top-level entity name                                                      ; SerialTransmitter ; SerialTransmitter ;
; Family name                                                                ; MAX7000S          ; Cyclone IV GX     ;
; Use smart compilation                                                      ; Off               ; Off               ;
; Enable parallel Assembler and TimeQuest Timing Analyzer during compilation ; On                ; On                ;
; Enable compact report table                                                ; Off               ; Off               ;
; Create Debugging Nodes for IP Cores                                        ; Off               ; Off               ;
; Preserve fewer node names                                                  ; On                ; On                ;
; Disable OpenCore Plus hardware evaluation                                  ; Off               ; Off               ;
; Verilog Version                                                            ; Verilog_2001      ; Verilog_2001      ;
; VHDL Version                                                               ; VHDL_1993         ; VHDL_1993         ;
; State Machine Processing                                                   ; Auto              ; Auto              ;
; Safe State Machine                                                         ; Off               ; Off               ;
; Extract Verilog State Machines                                             ; On                ; On                ;
; Extract VHDL State Machines                                                ; On                ; On                ;
; Ignore Verilog initial constructs                                          ; Off               ; Off               ;
; Iteration limit for constant Verilog loops                                 ; 5000              ; 5000              ;
; Iteration limit for non-constant Verilog loops                             ; 250               ; 250               ;
; Add Pass-Through Logic to Inferred RAMs                                    ; On                ; On                ;
; Infer RAMs from Raw Logic                                                  ; On                ; On                ;
; Parallel Synthesis                                                         ; On                ; On                ;
; NOT Gate Push-Back                                                         ; On                ; On                ;
; Power-Up Don't Care                                                        ; On                ; On                ;
; Remove Duplicate Registers                                                 ; On                ; On                ;
; Ignore CARRY Buffers                                                       ; Off               ; Off               ;
; Ignore CASCADE Buffers                                                     ; Off               ; Off               ;
; Ignore GLOBAL Buffers                                                      ; Off               ; Off               ;
; Ignore ROW GLOBAL Buffers                                                  ; Off               ; Off               ;
; Ignore LCELL Buffers                                                       ; Auto              ; Auto              ;
; Ignore SOFT Buffers                                                        ; Off               ; Off               ;
; Limit AHDL Integers to 32 Bits                                             ; Off               ; Off               ;
; Optimization Technique                                                     ; Speed             ; Speed             ;
; Allow XOR Gate Usage                                                       ; On                ; On                ;
; Auto Logic Cell Insertion                                                  ; On                ; On                ;
; Parallel Expander Chain Length                                             ; 4                 ; 4                 ;
; Auto Parallel Expanders                                                    ; On                ; On                ;
; Auto Open-Drain Pins                                                       ; On                ; On                ;
; Auto Resource Sharing                                                      ; Off               ; Off               ;
; Maximum Fan-in Per Macrocell                                               ; 100               ; 100               ;
; Use LogicLock Constraints during Resource Balancing                        ; On                ; On                ;
; Ignore translate_off and synthesis_off directives                          ; Off               ; Off               ;
; Report Parameter Settings                                                  ; On                ; On                ;
; Report Source Assignments                                                  ; On                ; On                ;
; Report Connectivity Checks                                                 ; On                ; On                ;
; HDL message level                                                          ; Level2            ; Level2            ;
; Suppress Register Optimization Related Messages                            ; Off               ; Off               ;
; Number of Removed Registers Reported in Synthesis Report                   ; 5000              ; 5000              ;
; Number of Swept Nodes Reported in Synthesis Report                         ; 5000              ; 5000              ;
; Number of Inverted Registers Reported in Synthesis Report                  ; 100               ; 100               ;
; Block Design Naming                                                        ; Auto              ; Auto              ;
; Synthesis Effort                                                           ; Auto              ; Auto              ;
; Shift Register Replacement - Allow Asynchronous Clear Signal               ; On                ; On                ;
; Pre-Mapping Resynthesis Optimization                                       ; Off               ; Off               ;
; Analysis & Synthesis Message Level                                         ; Medium            ; Medium            ;
; Disable Register Merging Across Hierarchies                                ; Auto              ; Auto              ;
; Synthesis Seed                                                             ; 1                 ; 1                 ;
+----------------------------------------------------------------------------+-------------------+-------------------+


Parallel compilation was disabled, but you have multiple processors available. Enable parallel compilation to reduce compilation time.
+-------------------------------------+
; Parallel Compilation                ;
+----------------------------+--------+
; Processors                 ; Number ;
+----------------------------+--------+
; Number detected on machine ; 16     ;
; Maximum allowed            ; 1      ;
+----------------------------+--------+


+---------------------------------------------------------------------------------------------------------------------------------+
; Analysis & Synthesis Source Files Read                                                                                          ;
+----------------------------------+-----------------+-----------------+------------------------------------------------+---------+
; File Name with User-Entered Path ; Used in Netlist ; File Type       ; File Name with Absolute Path                   ; Library ;
+----------------------------------+-----------------+-----------------+------------------------------------------------+---------+
; SerialTransmitter.vhd            ; yes             ; User VHDL File  ; D:/final_project/MY_REPO/SerialTransmitter.vhd ;         ;
+----------------------------------+-----------------+-----------------+------------------------------------------------+---------+


+---------------------------------------------+
; Analysis & Synthesis Resource Usage Summary ;
+--------------------+------------------------+
; Resource           ; Usage                  ;
+--------------------+------------------------+
; Logic cells        ; 22                     ;
; Total registers    ; 11                     ;
; I/O pins           ; 19                     ;
; Parallel expanders ; 1                      ;
; Maximum fan-out    ; 12                     ;
; Total fan-out      ; 73                     ;
; Average fan-out    ; 1.78                   ;
+--------------------+------------------------+


+-------------------------------------------------------------------------------------+
; Analysis & Synthesis Resource Utilization by Entity                                 ;
+----------------------------+------------+------+---------------------+--------------+
; Compilation Hierarchy Node ; Macrocells ; Pins ; Full Hierarchy Name ; Library Name ;
+----------------------------+------------+------+---------------------+--------------+
; |SerialTransmitter         ; 22         ; 19   ; |SerialTransmitter  ; work         ;
+----------------------------+------------+------+---------------------+--------------+


+--------------------------------------------------------------------------------+
; Registers Removed During Synthesis                                             ;
+---------------------------------------+----------------------------------------+
; Register name                         ; Reason for Removal                     ;
+---------------------------------------+----------------------------------------+
; m[1]                                  ; Stuck at GND due to stuck port data_in ;
; Total Number of Removed Registers = 1 ;                                        ;
+---------------------------------------+----------------------------------------+


+-------------------------------+
; Analysis & Synthesis Messages ;
+-------------------------------+
Info: *******************************************************************
Info: Running Quartus II 32-bit Analysis & Synthesis
    Info: Version 12.1 Build 243 01/31/2013 Service Pack 1 SJ Web Edition
    Info: Processing started: Fri Dec 27 18:00:03 2024
Info: Command: quartus_map --read_settings_files=on --write_settings_files=off SerialTransmitter -c SerialTransmitter
Warning (20028): Parallel compilation is not licensed and has been disabled
Info (12021): Found 2 design units, including 1 entities, in source file serialtransmitter.vhd
    Info (12022): Found design unit 1: SerialTransmitter-Behavior
    Info (12023): Found entity 1: SerialTransmitter
Info (12127): Elaborating entity "SerialTransmitter" for the top level hierarchy
Warning (10540): VHDL Signal Declaration warning at SerialTransmitter.vhd(9): used explicit default value for signal "floating" because signal was never assigned a value
Warning (13024): Output pins are stuck at VCC or GND
    Warning (13410): Pin "floating[0]" is stuck at GND
    Warning (13410): Pin "floating[1]" is stuck at GND
    Warning (13410): Pin "floating[2]" is stuck at GND
    Warning (13410): Pin "floating[3]" is stuck at GND
    Warning (13410): Pin "floating[4]" is stuck at GND
    Warning (13410): Pin "floating[5]" is stuck at GND
    Warning (13410): Pin "floating[6]" is stuck at GND
    Warning (13410): Pin "floating[7]" is stuck at GND
    Warning (13410): Pin "floating[8]" is stuck at GND
Info (280013): Promoted pin-driven signal(s) to global signal
    Info (280014): Promoted clock signal driven by pin "clk" to global clock signal
Info (21057): Implemented 41 device resources after synthesis - the final resource count might be different
    Info (21058): Implemented 9 input pins
    Info (21059): Implemented 10 output pins
    Info (21063): Implemented 22 macrocells
Info: Quartus II 32-bit Analysis & Synthesis was successful. 0 errors, 12 warnings
    Info: Peak virtual memory: 386 megabytes
    Info: Processing ended: Fri Dec 27 18:00:04 2024
    Info: Elapsed time: 00:00:01
    Info: Total CPU time (on all processors): 00:00:01


